<?xml version="1.0" encoding="UTF-8"?>
<!-- Generated by org.testng.reporters.JUnitXMLReporter -->
<testsuite ignored="0" hostname="DU1LSITA112PPH" failures="0" tests="3" name="Default test" time="0.043" errors="0" timestamp="2023-01-20T17:17:35 GST">
  <testcase classname="org.appium.mobiletest.DataProviderTest" name="getDataFromDataProvider" time="0.005"/>
  <testcase classname="org.appium.mobiletest.DataProviderTest" name="getDataFromDataProvider" time="0.001"/>
  <testcase classname="org.appium.mobiletest.DataProviderTest" name="getDataFromDataProvider" time="0.002"/>
</testsuite> <!-- Default test -->
